<?xml version="1.0" encoding="UTF-8"?>
<!-- Generated by org.testng.reporters.JUnitReportReporter -->
<testsuite hostname="mu-582784.dhcp.missouri.edu" failures="0" tests="2" name="edu.mu.examplefortesting.tests.InterestTest" time="0.210" errors="0" timestamp="2025-05-07T20:02:35 CDT" skipped="0">
  <testcase classname="edu.mu.examplefortesting.tests.InterestTest" name="testAddInterest" time="0.002"/>
  <testcase classname="edu.mu.examplefortesting.tests.InterestTest" name="testAddInterest" time="0.208"/>
</testsuite> <!-- edu.mu.examplefortesting.tests.InterestTest -->
