<?xml version="1.0" encoding="UTF-8"?>
<!-- Generated by org.testng.reporters.JUnitReportReporter -->
<testsuite hostname="mu-582784.dhcp.missouri.edu" failures="0" tests="12" name="edu.mu.examplefortesting.tests.AccountTest" time="0.016" errors="0" timestamp="2025-05-07T20:02:35 CDT" skipped="2">
  <testcase classname="edu.mu.examplefortesting.tests.AccountTest" name="testWithdraw" time="0.001"/>
  <testcase classname="edu.mu.examplefortesting.tests.AccountTest" name="testDeposit" time="0.001"/>
  <testcase classname="edu.mu.examplefortesting.tests.AccountTest" name="testWithdraw" time="0.000"/>
  <testcase classname="edu.mu.examplefortesting.tests.AccountTest" name="testOverdraft" time="0.001"/>
  <testcase classname="edu.mu.examplefortesting.tests.AccountTest" name="testDeposit" time="0.002"/>
  <testcase classname="edu.mu.examplefortesting.tests.AccountTest" name="testWithdraw" time="0.001"/>
  <testcase classname="edu.mu.examplefortesting.tests.AccountTest" name="testDeposit" time="0.005"/>
  <testcase classname="edu.mu.examplefortesting.tests.AccountTest" name="testWithdraw" time="0.001"/>
  <testcase classname="edu.mu.examplefortesting.tests.AccountTest" name="testDeposit" time="0.002"/>
  <testcase classname="edu.mu.examplefortesting.tests.AccountTest" name="testOverdraft" time="0.002"/>
  <testcase classname="edu.mu.examplefortesting.tests.AccountTest" name="disabledTest">
    <skipped/>
  </testcase> <!-- disabledTest -->
  <testcase classname="edu.mu.examplefortesting.tests.AccountTest" name="disabledTest">
    <skipped/>
  </testcase> <!-- disabledTest -->
</testsuite> <!-- edu.mu.examplefortesting.tests.AccountTest -->
